# JRE version: OpenJDK Runtime Environment Temurin-11.0.14.1+1 (11.0.14.1+1) (build 11.0.14.1+1)
# Java VM: OpenJDK 64-Bit Server VM Temurin-11.0.14.1+1 (11.0.14.1+1, mixed mode, tiered, compressed oops, g1 gc, windows-amd64)
Heap:
 garbage-first heap   total 367616K, used 280032K [0x0000000083200000, 0x0000000100000000)
  region size 1024K, 58 young (59392K), 4 survivors (4096K)
 Metaspace       used 25939K, capacity 28333K, committed 28672K, reserved 1075200K
  class space    used 2727K, capacity 3726K, committed 3840K, reserved 1048576K
GC Heap History (20 events):
Event: 69922.351 GC heap before
{Heap before GC invocations=21042 (full 328):
 garbage-first heap   total 367616K, used 256320K [0x0000000083200000, 0x0000000100000000)
  region size 1024K, 26 young (26624K), 4 survivors (4096K)
 Metaspace       used 25891K, capacity 28268K, committed 28288K, reserved 1073152K
  class space    used 2715K, capacity 3705K, committed 3712K, reserved 1048576K
}
Event: 69922.356 GC heap after
{Heap after GC invocations=21043 (full 328):
 garbage-first heap   total 367616K, used 154617K [0x0000000083200000, 0x0000000100000000)
  region size 1024K, 3 young (3072K), 3 survivors (3072K)
 Metaspace       used 25891K, capacity 28268K, committed 28288K, reserved 1073152K
  class space    used 2715K, capacity 3705K, committed 3712K, reserved 1048576K
}
Event: 69922.795 GC heap before
{Heap before GC invocations=21044 (full 328):
 garbage-first heap   total 367616K, used 249849K [0x0000000083200000, 0x0000000100000000)
  region size 1024K, 25 young (25600K), 3 survivors (3072K)
 Metaspace       used 25891K, capacity 28268K, committed 28288K, reserved 1073152K
  class space    used 2715K, capacity 3705K, committed 3712K, reserved 1048576K
}
Event: 69922.799 GC heap after
{Heap after GC invocations=21045 (full 328):
 garbage-first heap   total 367616K, used 155110K [0x0000000083200000, 0x0000000100000000)
  region size 1024K, 4 young (4096K), 4 survivors (4096K)
 Metaspace       used 25891K, capacity 28268K, committed 28288K, reserved 1073152K
  class space    used 2715K, capacity 3705K, committed 3712K, reserved 1048576K
}
Event: 69923.383 GC heap before
{Heap before GC invocations=21046 (full 328):
 garbage-first heap   total 367616K, used 282086K [0x0000000083200000, 0x0000000100000000)
  region size 1024K, 33 young (33792K), 4 survivors (4096K)
 Metaspace       used 25891K, capacity 28268K, committed 28288K, reserved 1073152K
  class space    used 2715K, capacity 3705K, committed 3712K, reserved 1048576K
}
Event: 69923.387 GC heap after
{Heap after GC invocations=21047 (full 328):
 garbage-first heap   total 367616K, used 154995K [0x0000000083200000, 0x0000000100000000)
  region size 1024K, 4 young (4096K), 4 survivors (4096K)
 Metaspace       used 25891K, capacity 28268K, committed 28288K, reserved 1073152K
  class space    used 2715K, capacity 3705K, committed 3712K, reserved 1048576K
}
Event: 69923.914 GC heap before
{Heap before GC invocations=21048 (full 328):
 garbage-first heap   total 367616K, used 272755K [0x0000000083200000, 0x0000000100000000)
  region size 1024K, 30 young (30720K), 4 survivors (4096K)
 Metaspace       used 25891K, capacity 28268K, committed 28288K, reserved 1073152K
  class space    used 2715K, capacity 3705K, committed 3712K, reserved 1048576K
}
Event: 69923.919 GC heap after
{Heap after GC invocations=21049 (full 328):
 garbage-first heap   total 367616K, used 155176K [0x0000000083200000, 0x0000000100000000)
  region size 1024K, 4 young (4096K), 4 survivors (4096K)
 Metaspace       used 25891K, capacity 28268K, committed 28288K, reserved 1073152K
  class space    used 2715K, capacity 3705K, committed 3712K, reserved 1048576K
}
Event: 69924.425 GC heap before
{Heap before GC invocations=21050 (full 328):
 garbage-first heap   total 367616K, used 265768K [0x0000000083200000, 0x0000000100000000)
  region size 1024K, 29 young (29696K), 4 survivors (4096K)
 Metaspace       used 25891K, capacity 28268K, committed 28288K, reserved 1073152K
  class space    used 2715K, capacity 3705K, committed 3712K, reserved 1048576K
}
Event: 69924.429 GC heap after
{Heap after GC invocations=21051 (full 328):
 garbage-first heap   total 367616K, used 154912K [0x0000000083200000, 0x0000000100000000)
  region size 1024K, 4 young (4096K), 4 survivors (4096K)
 Metaspace       used 25891K, capacity 28268K, committed 28288K, reserved 1073152K
  class space    used 2715K, capacity 3705K, committed 3712K, reserved 1048576K
}
Event: 69924.875 GC heap before
{Heap before GC invocations=21052 (full 328):
 garbage-first heap   total 367616K, used 252192K [0x0000000083200000, 0x0000000100000000)
  region size 1024K, 25 young (25600K), 4 survivors (4096K)
 Metaspace       used 25891K, capacity 28268K, committed 28288K, reserved 1073152K
  class space    used 2715K, capacity 3705K, committed 3712K, reserved 1048576K
}
Event: 69924.879 GC heap after
{Heap after GC invocations=21053 (full 328):
 garbage-first heap   total 367616K, used 154815K [0x0000000083200000, 0x0000000100000000)
  region size 1024K, 3 young (3072K), 3 survivors (3072K)
 Metaspace       used 25891K, capacity 28268K, committed 28288K, reserved 1073152K
  class space    used 2715K, capacity 3705K, committed 3712K, reserved 1048576K
}
Event: 69925.244 GC heap before
{Heap before GC invocations=21054 (full 328):
 garbage-first heap   total 367616K, used 239807K [0x0000000083200000, 0x0000000100000000)
  region size 1024K, 21 young (21504K), 3 survivors (3072K)
 Metaspace       used 25891K, capacity 28268K, committed 28288K, reserved 1073152K
  class space    used 2715K, capacity 3705K, committed 3712K, reserved 1048576K
}
Event: 69925.248 GC heap after
{Heap after GC invocations=21055 (full 328):
 garbage-first heap   total 367616K, used 155057K [0x0000000083200000, 0x0000000100000000)
  region size 1024K, 4 young (4096K), 4 survivors (4096K)
 Metaspace       used 25891K, capacity 28268K, committed 28288K, reserved 1073152K
  class space    used 2715K, capacity 3705K, committed 3712K, reserved 1048576K
}
Event: 69925.887 GC heap before
{Heap before GC invocations=21056 (full 328):
 garbage-first heap   total 367616K, used 291249K [0x0000000083200000, 0x0000000100000000)
  region size 1024K, 36 young (36864K), 4 survivors (4096K)
 Metaspace       used 25891K, capacity 28268K, committed 28288K, reserved 1073152K
  class space    used 2715K, capacity 3705K, committed 3712K, reserved 1048576K
}
Event: 69925.892 GC heap after
{Heap after GC invocations=21057 (full 328):
 garbage-first heap   total 367616K, used 154829K [0x0000000083200000, 0x0000000100000000)
  region size 1024K, 3 young (3072K), 3 survivors (3072K)
 Metaspace       used 25891K, capacity 28268K, committed 28288K, reserved 1073152K
  class space    used 2715K, capacity 3705K, committed 3712K, reserved 1048576K
}
Event: 69926.526 GC heap before
{Heap before GC invocations=21058 (full 328):
 garbage-first heap   total 367616K, used 285901K [0x0000000083200000, 0x0000000100000000)
  region size 1024K, 36 young (36864K), 3 survivors (3072K)
 Metaspace       used 25891K, capacity 28268K, committed 28288K, reserved 1073152K
  class space    used 2715K, capacity 3705K, committed 3712K, reserved 1048576K
}
Event: 69926.529 GC heap after
{Heap after GC invocations=21059 (full 328):
 garbage-first heap   total 367616K, used 155242K [0x0000000083200000, 0x0000000100000000)
  region size 1024K, 4 young (4096K), 4 survivors (4096K)
 Metaspace       used 25891K, capacity 28268K, committed 28288K, reserved 1073152K
  class space    used 2715K, capacity 3705K, committed 3712K, reserved 1048576K
}
Event: 69927.512 GC heap before
{Heap before GC invocations=21060 (full 328):
 garbage-first heap   total 367616K, used 308842K [0x0000000083200000, 0x0000000100000000)
  region size 1024K, 53 young (54272K), 4 survivors (4096K)
 Metaspace       used 25922K, capacity 28307K, committed 28672K, reserved 1075200K
  class space    used 2723K, capacity 3719K, committed 3840K, reserved 1048576K
}
Event: 69927.516 GC heap after
{Heap after GC invocations=21061 (full 328):
 garbage-first heap   total 367616K, used 155104K [0x0000000083200000, 0x0000000100000000)
  region size 1024K, 4 young (4096K), 4 survivors (4096K)
 Metaspace       used 25922K, capacity 28307K, committed 28672K, reserved 1075200K
  class space    used 2723K, capacity 3719K, committed 3840K, reserved 1048576K
}

