# JRE version: OpenJDK Runtime Environment Temurin-11.0.14.1+1 (11.0.14.1+1) (build 11.0.14.1+1)
# Java VM: OpenJDK 64-Bit Server VM Temurin-11.0.14.1+1 (11.0.14.1+1, mixed mode, tiered, compressed oops, g1 gc, windows-amd64)
Heap:
 garbage-first heap   total 573440K, used 190580K [0x0000000083200000, 0x0000000100000000)
  region size 1024K, 32 young (32768K), 3 survivors (3072K)
 Metaspace       used 24393K, capacity 26118K, committed 26496K, reserved 1073152K
  class space    used 2332K, capacity 3077K, committed 3200K, reserved 1048576K
GC Heap History (20 events):
Event: 8171.093 GC heap before
{Heap before GC invocations=5403 (full 119):
 garbage-first heap   total 573440K, used 305636K [0x0000000083200000, 0x0000000100000000)
  region size 1024K, 37 young (37888K), 3 survivors (3072K)
 Metaspace       used 24346K, capacity 26063K, committed 26496K, reserved 1073152K
  class space    used 2326K, capacity 3068K, committed 3200K, reserved 1048576K
}
Event: 8171.095 GC heap after
{Heap after GC invocations=5404 (full 119):
 garbage-first heap   total 573440K, used 93882K [0x0000000083200000, 0x0000000100000000)
  region size 1024K, 3 young (3072K), 3 survivors (3072K)
 Metaspace       used 24346K, capacity 26063K, committed 26496K, reserved 1073152K
  class space    used 2326K, capacity 3068K, committed 3200K, reserved 1048576K
}
Event: 8173.333 GC heap before
{Heap before GC invocations=5405 (full 119):
 garbage-first heap   total 573440K, used 298682K [0x0000000083200000, 0x0000000100000000)
  region size 1024K, 36 young (36864K), 3 survivors (3072K)
 Metaspace       used 24346K, capacity 26063K, committed 26496K, reserved 1073152K
  class space    used 2326K, capacity 3068K, committed 3200K, reserved 1048576K
}
Event: 8173.336 GC heap after
{Heap after GC invocations=5406 (full 119):
 garbage-first heap   total 573440K, used 93402K [0x0000000083200000, 0x0000000100000000)
  region size 1024K, 2 young (2048K), 2 survivors (2048K)
 Metaspace       used 24346K, capacity 26063K, committed 26496K, reserved 1073152K
  class space    used 2326K, capacity 3068K, committed 3200K, reserved 1048576K
}
Event: 8175.366 GC heap before
{Heap before GC invocations=5407 (full 119):
 garbage-first heap   total 573440K, used 273626K [0x0000000083200000, 0x0000000100000000)
  region size 1024K, 26 young (26624K), 2 survivors (2048K)
 Metaspace       used 24346K, capacity 26063K, committed 26496K, reserved 1073152K
  class space    used 2326K, capacity 3068K, committed 3200K, reserved 1048576K
}
Event: 8175.369 GC heap after
{Heap after GC invocations=5408 (full 119):
 garbage-first heap   total 573440K, used 93514K [0x0000000083200000, 0x0000000100000000)
  region size 1024K, 3 young (3072K), 3 survivors (3072K)
 Metaspace       used 24346K, capacity 26063K, committed 26496K, reserved 1073152K
  class space    used 2326K, capacity 3068K, committed 3200K, reserved 1048576K
}
Event: 8178.037 GC heap before
{Heap before GC invocations=5409 (full 119):
 garbage-first heap   total 573440K, used 330058K [0x0000000083200000, 0x0000000100000000)
  region size 1024K, 35 young (35840K), 3 survivors (3072K)
 Metaspace       used 24346K, capacity 26063K, committed 26496K, reserved 1073152K
  class space    used 2326K, capacity 3068K, committed 3200K, reserved 1048576K
}
Event: 8178.040 GC heap after
{Heap after GC invocations=5410 (full 119):
 garbage-first heap   total 573440K, used 94093K [0x0000000083200000, 0x0000000100000000)
  region size 1024K, 3 young (3072K), 3 survivors (3072K)
 Metaspace       used 24346K, capacity 26063K, committed 26496K, reserved 1073152K
  class space    used 2326K, capacity 3068K, committed 3200K, reserved 1048576K
}
Event: 8180.437 GC heap before
{Heap before GC invocations=5411 (full 119):
 garbage-first heap   total 573440K, used 309133K [0x0000000083200000, 0x0000000100000000)
  region size 1024K, 34 young (34816K), 3 survivors (3072K)
 Metaspace       used 24346K, capacity 26063K, committed 26496K, reserved 1073152K
  class space    used 2326K, capacity 3068K, committed 3200K, reserved 1048576K
}
Event: 8180.440 GC heap after
{Heap after GC invocations=5412 (full 119):
 garbage-first heap   total 573440K, used 94128K [0x0000000083200000, 0x0000000100000000)
  region size 1024K, 3 young (3072K), 3 survivors (3072K)
 Metaspace       used 24346K, capacity 26063K, committed 26496K, reserved 1073152K
  class space    used 2326K, capacity 3068K, committed 3200K, reserved 1048576K
}
Event: 8183.141 GC heap before
{Heap before GC invocations=5413 (full 119):
 garbage-first heap   total 573440K, used 329648K [0x0000000083200000, 0x0000000100000000)
  region size 1024K, 30 young (30720K), 3 survivors (3072K)
 Metaspace       used 24346K, capacity 26063K, committed 26496K, reserved 1073152K
  class space    used 2326K, capacity 3068K, committed 3200K, reserved 1048576K
}
Event: 8183.145 GC heap after
{Heap after GC invocations=5414 (full 119):
 garbage-first heap   total 573440K, used 93712K [0x0000000083200000, 0x0000000100000000)
  region size 1024K, 3 young (3072K), 3 survivors (3072K)
 Metaspace       used 24346K, capacity 26063K, committed 26496K, reserved 1073152K
  class space    used 2326K, capacity 3068K, committed 3200K, reserved 1048576K
}
Event: 8186.117 GC heap before
{Heap before GC invocations=5415 (full 119):
 garbage-first heap   total 573440K, used 338448K [0x0000000083200000, 0x0000000100000000)
  region size 1024K, 42 young (43008K), 3 survivors (3072K)
 Metaspace       used 24372K, capacity 26091K, committed 26496K, reserved 1073152K
  class space    used 2332K, capacity 3077K, committed 3200K, reserved 1048576K
}
Event: 8186.120 GC heap after
{Heap after GC invocations=5416 (full 119):
 garbage-first heap   total 573440K, used 93770K [0x0000000083200000, 0x0000000100000000)
  region size 1024K, 3 young (3072K), 3 survivors (3072K)
 Metaspace       used 24372K, capacity 26091K, committed 26496K, reserved 1073152K
  class space    used 2332K, capacity 3077K, committed 3200K, reserved 1048576K
}
Event: 8188.630 GC heap before
{Heap before GC invocations=5417 (full 119):
 garbage-first heap   total 573440K, used 332362K [0x0000000083200000, 0x0000000100000000)
  region size 1024K, 48 young (49152K), 3 survivors (3072K)
 Metaspace       used 24381K, capacity 26100K, committed 26496K, reserved 1073152K
  class space    used 2332K, capacity 3077K, committed 3200K, reserved 1048576K
}
Event: 8188.632 GC heap after
{Heap after GC invocations=5418 (full 119):
 garbage-first heap   total 573440K, used 93431K [0x0000000083200000, 0x0000000100000000)
  region size 1024K, 2 young (2048K), 2 survivors (2048K)
 Metaspace       used 24381K, capacity 26100K, committed 26496K, reserved 1073152K
  class space    used 2332K, capacity 3077K, committed 3200K, reserved 1048576K
}
Event: 8191.030 GC heap before
{Heap before GC invocations=5419 (full 119):
 garbage-first heap   total 573440K, used 334071K [0x0000000083200000, 0x0000000100000000)
  region size 1024K, 58 young (59392K), 2 survivors (2048K)
 Metaspace       used 24384K, capacity 26105K, committed 26496K, reserved 1073152K
  class space    used 2332K, capacity 3077K, committed 3200K, reserved 1048576K
}
Event: 8191.033 GC heap after
{Heap after GC invocations=5420 (full 119):
 garbage-first heap   total 573440K, used 94024K [0x0000000083200000, 0x0000000100000000)
  region size 1024K, 3 young (3072K), 3 survivors (3072K)
 Metaspace       used 24384K, capacity 26105K, committed 26496K, reserved 1073152K
  class space    used 2332K, capacity 3077K, committed 3200K, reserved 1048576K
}
Event: 8194.182 GC heap before
{Heap before GC invocations=5421 (full 119):
 garbage-first heap   total 573440K, used 418632K [0x0000000083200000, 0x0000000100000000)
  region size 1024K, 93 young (95232K), 3 survivors (3072K)
 Metaspace       used 24384K, capacity 26105K, committed 26496K, reserved 1073152K
  class space    used 2332K, capacity 3077K, committed 3200K, reserved 1048576K
}
Event: 8194.185 GC heap after
{Heap after GC invocations=5422 (full 119):
 garbage-first heap   total 573440K, used 94324K [0x0000000083200000, 0x0000000100000000)
  region size 1024K, 3 young (3072K), 3 survivors (3072K)
 Metaspace       used 24384K, capacity 26105K, committed 26496K, reserved 1073152K
  class space    used 2332K, capacity 3077K, committed 3200K, reserved 1048576K
}

